<?xml version="1.0" encoding="UTF-8"?>
<testsuite name="com.fispan.bills.tests.GetBillTest" tests="3" skipped="0" failures="0" errors="0" timestamp="2019-07-20T08:21:17" hostname="Joels-MacBook-Air.local" time="0.004">
  <properties/>
  <testcase name="getBillTest" classname="com.fispan.bills.tests.GetBillTest" time="0.002"/>
  <testcase name="getBillDetailsTest" classname="com.fispan.bills.tests.GetBillTest" time="0.0"/>
  <testcase name="getBillWithWrongBillIdTest" classname="com.fispan.bills.tests.GetBillTest" time="0.0"/>
  <system-out><![CDATA[]]></system-out>
  <system-err><![CDATA[]]></system-err>
</testsuite>
