<?xml version="1.0" encoding="UTF-8"?>
<testsuite name="com.fispan.bills.tests.UpdateBillTest" tests="2" skipped="0" failures="0" errors="0" timestamp="2019-07-20T08:21:17" hostname="Joels-MacBook-Air.local" time="0.003">
  <properties/>
  <testcase name="updateBillAndValidateUpdatedBillTest" classname="com.fispan.bills.tests.UpdateBillTest" time="0.001"/>
  <testcase name="updateBillWithInvalidBillIdTest" classname="com.fispan.bills.tests.UpdateBillTest" time="0.001"/>
  <system-out><![CDATA[]]></system-out>
  <system-err><![CDATA[]]></system-err>
</testsuite>
