<?xml version="1.0" encoding="UTF-8"?>
<testsuite name="com.fispan.bills.tests.CreateBillTest" tests="2" skipped="0" failures="0" errors="0" timestamp="2019-07-20T08:21:17" hostname="Joels-MacBook-Air.local" time="0.001">
  <properties/>
  <testcase name="createInvalidBillWithWrongDateFormat" classname="com.fispan.bills.tests.CreateBillTest" time="0.0"/>
  <testcase name="createValidBill" classname="com.fispan.bills.tests.CreateBillTest" time="0.0"/>
  <system-out><![CDATA[]]></system-out>
  <system-err><![CDATA[]]></system-err>
</testsuite>
